npm ERR! aries@0.0.2 prestart: `bundle exec rakep build` npm ERR! `sh "-c" "bundle exec rakep build"` failed with 127